[0421/125406.090:ERROR:process_memory_win.cc(73)] ReadMemory at 0x1c3c7f60000 of 64 bytes failed: Solo se completó una parte de una solicitud ReadProcessMemory o WriteProcessMemory. (0x12B)
[0421/125406.090:WARNING:pe_image_reader.cc(340)] could not read dos header from C:\WINDOWS\System32\OLEAUT32.dll
[0421/125406.090:ERROR:process_memory_win.cc(73)] ReadMemory at 0x1c3c7f60000 of 64 bytes failed: Solo se completó una parte de una solicitud ReadProcessMemory o WriteProcessMemory. (0x12B)
[0421/125406.090:WARNING:pe_image_reader.cc(340)] could not read dos header from C:\WINDOWS\System32\OLEAUT32.dll
[0421/125406.090:ERROR:process_memory_win.cc(73)] ReadMemory at 0x1c3c7d939a0 of 6656 bytes failed: Solo se completó una parte de una solicitud ReadProcessMemory o WriteProcessMemory. (0x12B)
[0421/125406.090:ERROR:process_snapshot_win.cc(322)] failed to read unloaded module data
[0421/125406.090:ERROR:process_memory_win.cc(73)] ReadMemory at 0x1c3c7f60000 of 64 bytes failed: Solo se completó una parte de una solicitud ReadProcessMemory o WriteProcessMemory. (0x12B)
[0421/125406.090:WARNING:pe_image_reader.cc(340)] could not read dos header from C:\WINDOWS\System32\OLEAUT32.dll
[0421/125406.090:ERROR:process_memory_win.cc(73)] ReadMemory at 0x1c3c7d13750 of 72 bytes failed: Solo se completó una parte de una solicitud ReadProcessMemory o WriteProcessMemory. (0x12B)
[0421/125406.090:WARNING:pe_image_annotations_reader.cc(134)] could not read annotations list object in C:\Program Files (x86)\Google\Chrome\Application\81.0.4044.113\chrome_elf.dll
[0421/125406.090:ERROR:process_memory_win.cc(73)] ReadMemory at 0x1c3c8464fc0 of 72 bytes failed: Solo se completó una parte de una solicitud ReadProcessMemory o WriteProcessMemory. (0x12B)
[0421/125406.090:WARNING:pe_image_annotations_reader.cc(134)] could not read annotations list object in C:\Program Files (x86)\Google\Chrome\Application\81.0.4044.113\chrome.dll
[0421/125406.090:ERROR:process_memory_win.cc(73)] ReadMemory at 0x1c3c7f60000 of 64 bytes failed: Solo se completó una parte de una solicitud ReadProcessMemory o WriteProcessMemory. (0x12B)
[0421/125406.090:WARNING:pe_image_reader.cc(340)] could not read dos header from C:\WINDOWS\System32\OLEAUT32.dll
[0421/125406.090:ERROR:process_memory_win.cc(73)] ReadMemory at 0x1c3c7f60000 of 64 bytes failed: Solo se completó una parte de una solicitud ReadProcessMemory o WriteProcessMemory. (0x12B)
[0421/125406.090:WARNING:pe_image_reader.cc(340)] could not read dos header from C:\WINDOWS\System32\OLEAUT32.dll
[0421/125406.121:ERROR:process_memory_win.cc(73)] ReadMemory at 0x7ff603be0000 of 64 bytes failed: Solo se completó una parte de una solicitud ReadProcessMemory o WriteProcessMemory. (0x12B)
[0421/125406.121:WARNING:pe_image_reader.cc(340)] could not read dos header from C:\Program Files (x86)\Google\Chrome\Application\chrome.exe
[0421/125406.121:ERROR:process_memory_win.cc(73)] ReadMemory at 0x7ffe5e640000 of 64 bytes failed: Solo se completó una parte de una solicitud ReadProcessMemory o WriteProcessMemory. (0x12B)
[0421/125406.121:WARNING:pe_image_reader.cc(340)] could not read dos header from C:\WINDOWS\SYSTEM32\ntdll.dll
[0421/125406.121:ERROR:process_memory_win.cc(73)] ReadMemory at 0x7ffe5e310000 of 64 bytes failed: Solo se completó una parte de una solicitud ReadProcessMemory o WriteProcessMemory. (0x12B)
[0421/125406.121:WARNING:pe_image_reader.cc(340)] could not read dos header from C:\WINDOWS\System32\KERNEL32.DLL
[0421/125406.121:ERROR:process_memory_win.cc(73)] ReadMemory at 0x7ffe5c240000 of 64 bytes failed: Solo se completó una parte de una solicitud ReadProcessMemory o WriteProcessMemory. (0x12B)
[0421/125406.121:WARNING:pe_image_reader.cc(340)] could not read dos header from C:\WINDOWS\System32\KERNELBASE.dll
[0421/125406.121:ERROR:process_memory_win.cc(73)] ReadMemory at 0x7ffe2a8c0000 of 64 bytes failed: Solo se completó una parte de una solicitud ReadProcessMemory o WriteProcessMemory. (0x12B)
[0421/125406.121:WARNING:pe_image_reader.cc(340)] could not read dos header from C:\Program Files (x86)\Google\Chrome\Application\81.0.4044.113\chrome_elf.dll
[0421/125406.121:ERROR:process_memory_win.cc(73)] ReadMemory at 0x7ffe52800000 of 64 bytes failed: Solo se completó una parte de una solicitud ReadProcessMemory o WriteProcessMemory. (0x12B)
[0421/125406.121:WARNING:pe_image_reader.cc(340)] could not read dos header from C:\WINDOWS\SYSTEM32\VERSION.dll
[0421/125406.121:ERROR:process_memory_win.cc(73)] ReadMemory at 0x7ffe5d7a0000 of 64 bytes failed: Solo se completó una parte de una solicitud ReadProcessMemory o WriteProcessMemory. (0x12B)
[0421/125406.121:WARNING:pe_image_reader.cc(340)] could not read dos header from C:\WINDOWS\System32\msvcrt.dll
[0421/125406.121:ERROR:process_memory_win.cc(73)] ReadMemory at 0x7ffe5b6d0000 of 64 bytes failed: Solo se completó una parte de una solicitud ReadProcessMemory o WriteProcessMemory. (0x12B)
[0421/125406.121:WARNING:pe_image_reader.cc(340)] could not read dos header from C:\WINDOWS\System32\bcryptPrimitives.dll
[0421/125406.121:ERROR:process_memory_win.cc(73)] ReadMemory at 0x7ffe5e550000 of 64 bytes failed: Solo se completó una parte de una solicitud ReadProcessMemory o WriteProcessMemory. (0x12B)
[0421/125406.121:WARNING:pe_image_reader.cc(340)] could not read dos header from C:\WINDOWS\System32\ADVAPI32.dll
[0421/125406.121:ERROR:process_memory_win.cc(73)] ReadMemory at 0x7ffe5dcb0000 of 64 bytes failed: Solo se completó una parte de una solicitud ReadProcessMemory o WriteProcessMemory. (0x12B)
[0421/125406.121:WARNING:pe_image_reader.cc(340)] could not read dos header from C:\WINDOWS\System32\sechost.dll
[0421/125406.121:ERROR:process_memory_win.cc(73)] ReadMemory at 0x7ffe5cde0000 of 64 bytes failed: Solo se completó una parte de una solicitud ReadProcessMemory o WriteProcessMemory. (0x12B)
[0421/125406.121:WARNING:pe_image_reader.cc(340)] could not read dos header from C:\WINDOWS\System32\RPCRT4.dll
[0421/125406.121:ERROR:process_memory_win.cc(73)] ReadMemory at 0x7ffdf9510000 of 64 bytes failed: Solo se completó una parte de una solicitud ReadProcessMemory o WriteProcessMemory. (0x12B)
[0421/125406.121:WARNING:pe_image_reader.cc(340)] could not read dos header from C:\Program Files (x86)\Google\Chrome\Application\81.0.4044.113\chrome.dll
[0421/125406.121:ERROR:process_memory_win.cc(73)] ReadMemory at 0x7ffe5da10000 of 64 bytes failed: Solo se completó una parte de una solicitud ReadProcessMemory o WriteProcessMemory. (0x12B)
[0421/125406.121:WARNING:pe_image_reader.cc(340)] could not read dos header from C:\WINDOWS\System32\WS2_32.dll
[0421/125406.121:ERROR:process_memory_win.cc(73)] ReadMemory at 0x1c3c7f60000 of 64 bytes failed: Solo se completó una parte de una solicitud ReadProcessMemory o WriteProcessMemory. (0x12B)
[0421/125406.121:WARNING:pe_image_reader.cc(340)] could not read dos header from C:\WINDOWS\System32\OLEAUT32.dll
[0421/125406.121:ERROR:process_memory_win.cc(73)] ReadMemory at 0x7ffe5c650000 of 64 bytes failed: Solo se completó una parte de una solicitud ReadProcessMemory o WriteProcessMemory. (0x12B)
[0421/125406.121:WARNING:pe_image_reader.cc(340)] could not read dos header from C:\WINDOWS\System32\msvcp_win.dll
[0421/125406.121:ERROR:process_memory_win.cc(73)] ReadMemory at 0x7ffe5b5d0000 of 64 bytes failed: Solo se completó una parte de una solicitud ReadProcessMemory o WriteProcessMemory. (0x12B)
[0421/125406.121:WARNING:pe_image_reader.cc(340)] could not read dos header from C:\WINDOWS\System32\ucrtbase.dll
[0421/125406.121:ERROR:process_memory_win.cc(73)] ReadMemory at 0x7ffe5cf80000 of 64 bytes failed: Solo se completó una parte de una solicitud ReadProcessMemory o WriteProcessMemory. (0x12B)
[0421/125406.121:WARNING:pe_image_reader.cc(340)] could not read dos header from C:\WINDOWS\System32\combase.dll
[0421/125406.121:ERROR:process_memory_win.cc(73)] ReadMemory at 0x7ffe5c5f0000 of 64 bytes failed: Solo se completó una parte de una solicitud ReadProcessMemory o WriteProcessMemory. (0x12B)
[0421/125406.121:WARNING:pe_image_reader.cc(340)] could not read dos header from C:\WINDOWS\System32\WINTRUST.dll
[0421/125406.121:ERROR:process_memory_win.cc(73)] ReadMemory at 0x7ffe5b5b0000 of 64 bytes failed: Solo se completó una parte de una solicitud ReadProcessMemory o WriteProcessMemory. (0x12B)
[0421/125406.121:WARNING:pe_image_reader.cc(340)] could not read dos header from C:\WINDOWS\System32\MSASN1.dll
[0421/125406.121:ERROR:process_memory_win.cc(73)] ReadMemory at 0x7ffe5bf50000 of 64 bytes failed: Solo se completó una parte de una solicitud ReadProcessMemory o WriteProcessMemory. (0x12B)
[0421/125406.121:WARNING:pe_image_reader.cc(340)] could not read dos header from C:\WINDOWS\System32\CRYPT32.dll
[0421/125406.121:ERROR:process_memory_win.cc(73)] ReadMemory at 0x7ffe5aa40000 of 64 bytes failed: Solo se completó una parte de una solicitud ReadProcessMemory o WriteProcessMemory. (0x12B)
[0421/125406.121:WARNING:pe_image_reader.cc(340)] could not read dos header from C:\WINDOWS\SYSTEM32\IPHLPAPI.DLL
[0421/125406.121:ERROR:process_memory_win.cc(73)] ReadMemory at 0x7ffe59440000 of 64 bytes failed: Solo se completó una parte de una solicitud ReadProcessMemory o WriteProcessMemory. (0x12B)
[0421/125406.121:WARNING:pe_image_reader.cc(340)] could not read dos header from C:\WINDOWS\SYSTEM32\WINMM.dll
[0421/125406.121:ERROR:process_memory_win.cc(73)] ReadMemory at 0x7ffe492a0000 of 64 bytes failed: Solo se completó una parte de una solicitud ReadProcessMemory o WriteProcessMemory. (0x12B)
[0421/125406.121:WARNING:pe_image_reader.cc(340)] could not read dos header from C:\WINDOWS\SYSTEM32\Secur32.dll
[0421/125406.121:ERROR:process_memory_win.cc(73)] ReadMemory at 0x7ffe5b420000 of 64 bytes failed: Solo se completó una parte de una solicitud ReadProcessMemory o WriteProcessMemory. (0x12B)
[0421/125406.121:WARNING:pe_image_reader.cc(340)] could not read dos header from C:\WINDOWS\SYSTEM32\USERENV.dll
[0421/125406.121:ERROR:process_memory_win.cc(73)] ReadMemory at 0x7ffe5b530000 of 64 bytes failed: Solo se completó una parte de una solicitud ReadProcessMemory o WriteProcessMemory. (0x12B)
[0421/125406.121:WARNING:pe_image_reader.cc(340)] could not read dos header from C:\WINDOWS\System32\profapi.dll
[0421/125406.121:ERROR:process_memory_win.cc(73)] ReadMemory at 0x7ffe29350000 of 64 bytes failed: Solo se completó una parte de una solicitud ReadProcessMemory o WriteProcessMemory. (0x12B)
[0421/125406.121:WARNING:pe_image_reader.cc(340)] could not read dos header from C:\WINDOWS\SYSTEM32\UIAutomationCore.DLL
[0421/125406.121:ERROR:process_memory_win.cc(73)] ReadMemory at 0x7ffe36ce0000 of 64 bytes failed: Solo se completó una parte de una solicitud ReadProcessMemory o WriteProcessMemory. (0x12B)
[0421/125406.121:WARNING:pe_image_reader.cc(340)] could not read dos header from C:\WINDOWS\SYSTEM32\DWrite.dll
[0421/125406.121:ERROR:process_memory_win.cc(73)] ReadMemory at 0x7ffe4c7d0000 of 64 bytes failed: Solo se completó una parte de una solicitud ReadProcessMemory o WriteProcessMemory. (0x12B)
[0421/125406.121:WARNING:pe_image_reader.cc(340)] could not read dos header from C:\WINDOWS\SYSTEM32\WINSPOOL.DRV
[0421/125406.121:ERROR:process_memory_win.cc(73)] ReadMemory at 0x7ffe5b510000 of 64 bytes failed: Solo se completó una parte de una solicitud ReadProcessMemory o WriteProcessMemory. (0x12B)
[0421/125406.121:WARNING:pe_image_reader.cc(340)] could not read dos header from C:\WINDOWS\System32\kernel.appcore.dll
[0421/125406.121:ERROR:process_memory_win.cc(73)] ReadMemory at 0x7ffe5c510000 of 64 bytes failed: Solo se completó una parte de una solicitud ReadProcessMemory o WriteProcessMemory. (0x12B)
[0421/125406.121:WARNING:pe_image_reader.cc(340)] could not read dos header from C:\WINDOWS\System32\bcrypt.dll
[0421/125406.121:ERROR:process_memory_win.cc(73)] ReadMemory at 0x7ffe428d0000 of 64 bytes failed: Solo se completó una parte de una solicitud ReadProcessMemory o WriteProcessMemory. (0x12B)
[0421/125406.121:WARNING:pe_image_reader.cc(340)] could not read dos header from C:\WINDOWS\SYSTEM32\dbghelp.dll
[0421/125406.121:ERROR:process_memory_win.cc(73)] ReadMemory at 0x7ffe50590000 of 64 bytes failed: Solo se completó una parte de una solicitud ReadProcessMemory o WriteProcessMemory. (0x12B)
[0421/125406.121:WARNING:pe_image_reader.cc(340)] could not read dos header from C:\WINDOWS\SYSTEM32\WINHTTP.dll
[0421/125406.121:ERROR:process_memory_win.cc(73)] ReadMemory at 0x7ffe52810000 of 64 bytes failed: Solo se completó una parte de una solicitud ReadProcessMemory o WriteProcessMemory. (0x12B)
[0421/125406.121:WARNING:pe_image_reader.cc(340)] could not read dos header from C:\WINDOWS\SYSTEM32\dhcpcsvc.DLL
[0421/125406.121:ERROR:process_memory_win.cc(73)] ReadMemory at 0x7ffe5da00000 of 64 bytes failed: Solo se completó una parte de una solicitud ReadProcessMemory o WriteProcessMemory. (0x12B)
[0421/125406.121:WARNING:pe_image_reader.cc(340)] could not read dos header from C:\WINDOWS\System32\NSI.dll
[0421/125406.121:ERROR:process_memory_win.cc(73)] ReadMemory at 0x7ffe59410000 of 64 bytes failed: Solo se completó una parte de una solicitud ReadProcessMemory o WriteProcessMemory. (0x12B)
[0421/125406.121:WARNING:pe_image_reader.cc(340)] could not read dos header from C:\WINDOWS\SYSTEM32\WINMMBASE.dll
[0421/125406.121:ERROR:process_memory_win.cc(73)] ReadMemory at 0x7ffe5bed0000 of 64 bytes failed: Solo se completó una parte de una solicitud ReadProcessMemory o WriteProcessMemory. (0x12B)
[0421/125406.121:WARNING:pe_image_reader.cc(340)] could not read dos header from C:\WINDOWS\System32\cfgmgr32.dll
[0421/125406.121:ERROR:process_memory_win.cc(73)] ReadMemory at 0x7ffe57e80000 of 64 bytes failed: Solo se completó una parte de una solicitud ReadProcessMemory o WriteProcessMemory. (0x12B)
[0421/125406.121:WARNING:pe_image_reader.cc(340)] could not read dos header from C:\WINDOWS\SYSTEM32\PROPSYS.dll
[0421/125406.121:ERROR:process_memory_win.cc(73)] ReadMemory at 0x7ffe5dc00000 of 64 bytes failed: Solo se completó una parte de una solicitud ReadProcessMemory o WriteProcessMemory. (0x12B)
[0421/125406.121:WARNING:pe_image_reader.cc(340)] could not read dos header from C:\WINDOWS\System32\shcore.dll
[0421/125406.121:ERROR:process_memory_win.cc(73)] ReadMemory at 0x7ffe5b3f0000 of 64 bytes failed: Solo se completó una parte de una solicitud ReadProcessMemory o WriteProcessMemory. (0x12B)
[0421/125406.121:WARNING:pe_image_reader.cc(340)] could not read dos header from C:\WINDOWS\SYSTEM32\SSPICLI.DLL
[0421/125406.121:ERROR:process_memory_win.cc(73)] ReadMemory at 0x7ffe5aea0000 of 64 bytes failed: Solo se completó una parte de una solicitud ReadProcessMemory o WriteProcessMemory. (0x12B)
[0421/125406.121:WARNING:pe_image_reader.cc(340)] could not read dos header from C:\WINDOWS\SYSTEM32\CRYPTBASE.DLL
[0421/125406.121:ERROR:process_memory_win.cc(73)] ReadMemory at 0x7ff603be0000 of 64 bytes failed: Solo se completó una parte de una solicitud ReadProcessMemory o WriteProcessMemory. (0x12B)
[0421/125406.121:WARNING:pe_image_reader.cc(340)] could not read dos header from C:\Program Files (x86)\Google\Chrome\Application\chrome.exe
[0421/125406.121:ERROR:process_memory_win.cc(73)] ReadMemory at 0x7ffe5e640000 of 64 bytes failed: Solo se completó una parte de una solicitud ReadProcessMemory o WriteProcessMemory. (0x12B)
[0421/125406.121:WARNING:pe_image_reader.cc(340)] could not read dos header from C:\WINDOWS\SYSTEM32\ntdll.dll
[0421/125406.121:ERROR:process_memory_win.cc(73)] ReadMemory at 0x7ffe5e310000 of 64 bytes failed: Solo se completó una parte de una solicitud ReadProcessMemory o WriteProcessMemory. (0x12B)
[0421/125406.121:WARNING:pe_image_reader.cc(340)] could not read dos header from C:\WINDOWS\System32\KERNEL32.DLL
[0421/125406.121:ERROR:process_memory_win.cc(73)] ReadMemory at 0x7ffe5c240000 of 64 bytes failed: Solo se completó una parte de una solicitud ReadProcessMemory o WriteProcessMemory. (0x12B)
[0421/125406.121:WARNING:pe_image_reader.cc(340)] could not read dos header from C:\WINDOWS\System32\KERNELBASE.dll
[0421/125406.121:ERROR:process_memory_win.cc(73)] ReadMemory at 0x7ffe2a8c0000 of 64 bytes failed: Solo se completó una parte de una solicitud ReadProcessMemory o WriteProcessMemory. (0x12B)
[0421/125406.121:WARNING:pe_image_reader.cc(340)] could not read dos header from C:\Program Files (x86)\Google\Chrome\Application\81.0.4044.113\chrome_elf.dll
[0421/125406.121:ERROR:process_memory_win.cc(73)] ReadMemory at 0x7ffe52800000 of 64 bytes failed: Solo se completó una parte de una solicitud ReadProcessMemory o WriteProcessMemory. (0x12B)
[0421/125406.121:WARNING:pe_image_reader.cc(340)] could not read dos header from C:\WINDOWS\SYSTEM32\VERSION.dll
[0421/125406.121:ERROR:process_memory_win.cc(73)] ReadMemory at 0x7ffe5d7a0000 of 64 bytes failed: Solo se completó una parte de una solicitud ReadProcessMemory o WriteProcessMemory. (0x12B)
[0421/125406.121:WARNING:pe_image_reader.cc(340)] could not read dos header from C:\WINDOWS\System32\msvcrt.dll
[0421/125406.121:ERROR:process_memory_win.cc(73)] ReadMemory at 0x7ffe5b6d0000 of 64 bytes failed: Solo se completó una parte de una solicitud ReadProcessMemory o WriteProcessMemory. (0x12B)
[0421/125406.121:WARNING:pe_image_reader.cc(340)] could not read dos header from C:\WINDOWS\System32\bcryptPrimitives.dll
[0421/125406.121:ERROR:process_memory_win.cc(73)] ReadMemory at 0x7ffe5e550000 of 64 bytes failed: Solo se completó una parte de una solicitud ReadProcessMemory o WriteProcessMemory. (0x12B)
[0421/125406.121:WARNING:pe_image_reader.cc(340)] could not read dos header from C:\WINDOWS\System32\ADVAPI32.dll
[0421/125406.121:ERROR:process_memory_win.cc(73)] ReadMemory at 0x7ffe5dcb0000 of 64 bytes failed: Solo se completó una parte de una solicitud ReadProcessMemory o WriteProcessMemory. (0x12B)
[0421/125406.121:WARNING:pe_image_reader.cc(340)] could not read dos header from C:\WINDOWS\System32\sechost.dll
[0421/125406.121:ERROR:process_memory_win.cc(73)] ReadMemory at 0x7ffe5cde0000 of 64 bytes failed: Solo se completó una parte de una solicitud ReadProcessMemory o WriteProcessMemory. (0x12B)
[0421/125406.121:WARNING:pe_image_reader.cc(340)] could not read dos header from C:\WINDOWS\System32\RPCRT4.dll
[0421/125406.121:ERROR:process_memory_win.cc(73)] ReadMemory at 0x7ffdf9510000 of 64 bytes failed: Solo se completó una parte de una solicitud ReadProcessMemory o WriteProcessMemory. (0x12B)
[0421/125406.121:WARNING:pe_image_reader.cc(340)] could not read dos header from C:\Program Files (x86)\Google\Chrome\Application\81.0.4044.113\chrome.dll
[0421/125406.121:ERROR:process_memory_win.cc(73)] ReadMemory at 0x7ffe5da10000 of 64 bytes failed: Solo se completó una parte de una solicitud ReadProcessMemory o WriteProcessMemory. (0x12B)
[0421/125406.121:WARNING:pe_image_reader.cc(340)] could not read dos header from C:\WINDOWS\System32\WS2_32.dll
[0421/125406.121:ERROR:process_memory_win.cc(73)] ReadMemory at 0x1c3c7f60000 of 64 bytes failed: Solo se completó una parte de una solicitud ReadProcessMemory o WriteProcessMemory. (0x12B)
[0421/125406.121:WARNING:pe_image_reader.cc(340)] could not read dos header from C:\WINDOWS\System32\OLEAUT32.dll
[0421/125406.121:ERROR:process_memory_win.cc(73)] ReadMemory at 0x7ffe5c650000 of 64 bytes failed: Solo se completó una parte de una solicitud ReadProcessMemory o WriteProcessMemory. (0x12B)
[0421/125406.121:WARNING:pe_image_reader.cc(340)] could not read dos header from C:\WINDOWS\System32\msvcp_win.dll
[0421/125406.121:ERROR:process_memory_win.cc(73)] ReadMemory at 0x7ffe5b5d0000 of 64 bytes failed: Solo se completó una parte de una solicitud ReadProcessMemory o WriteProcessMemory. (0x12B)
[0421/125406.121:WARNING:pe_image_reader.cc(340)] could not read dos header from C:\WINDOWS\System32\ucrtbase.dll
[0421/125406.121:ERROR:process_memory_win.cc(73)] ReadMemory at 0x7ffe5cf80000 of 64 bytes failed: Solo se completó una parte de una solicitud ReadProcessMemory o WriteProcessMemory. (0x12B)
[0421/125406.121:WARNING:pe_image_reader.cc(340)] could not read dos header from C:\WINDOWS\System32\combase.dll
[0421/125406.121:ERROR:process_memory_win.cc(73)] ReadMemory at 0x7ffe5c5f0000 of 64 bytes failed: Solo se completó una parte de una solicitud ReadProcessMemory o WriteProcessMemory. (0x12B)
[0421/125406.121:WARNING:pe_image_reader.cc(340)] could not read dos header from C:\WINDOWS\System32\WINTRUST.dll
[0421/125406.121:ERROR:process_memory_win.cc(73)] ReadMemory at 0x7ffe5b5b0000 of 64 bytes failed: Solo se completó una parte de una solicitud ReadProcessMemory o WriteProcessMemory. (0x12B)
[0421/125406.121:WARNING:pe_image_reader.cc(340)] could not read dos header from C:\WINDOWS\System32\MSASN1.dll
[0421/125406.121:ERROR:process_memory_win.cc(73)] ReadMemory at 0x7ffe5bf50000 of 64 bytes failed: Solo se completó una parte de una solicitud ReadProcessMemory o WriteProcessMemory. (0x12B)
[0421/125406.121:WARNING:pe_image_reader.cc(340)] could not read dos header from C:\WINDOWS\System32\CRYPT32.dll
[0421/125406.121:ERROR:process_memory_win.cc(73)] ReadMemory at 0x7ffe5aa40000 of 64 bytes failed: Solo se completó una parte de una solicitud ReadProcessMemory o WriteProcessMemory. (0x12B)
[0421/125406.121:WARNING:pe_image_reader.cc(340)] could not read dos header from C:\WINDOWS\SYSTEM32\IPHLPAPI.DLL
[0421/125406.121:ERROR:process_memory_win.cc(73)] ReadMemory at 0x7ffe59440000 of 64 bytes failed: Solo se completó una parte de una solicitud ReadProcessMemory o WriteProcessMemory. (0x12B)
[0421/125406.121:WARNING:pe_image_reader.cc(340)] could not read dos header from C:\WINDOWS\SYSTEM32\WINMM.dll
[0421/125406.121:ERROR:process_memory_win.cc(73)] ReadMemory at 0x7ffe492a0000 of 64 bytes failed: Solo se completó una parte de una solicitud ReadProcessMemory o WriteProcessMemory. (0x12B)
[0421/125406.121:WARNING:pe_image_reader.cc(340)] could not read dos header from C:\WINDOWS\SYSTEM32\Secur32.dll
[0421/125406.121:ERROR:process_memory_win.cc(73)] ReadMemory at 0x7ffe5b420000 of 64 bytes failed: Solo se completó una parte de una solicitud ReadProcessMemory o WriteProcessMemory. (0x12B)
[0421/125406.121:WARNING:pe_image_reader.cc(340)] could not read dos header from C:\WINDOWS\SYSTEM32\USERENV.dll
[0421/125406.121:ERROR:process_memory_win.cc(73)] ReadMemory at 0x7ffe5b530000 of 64 bytes failed: Solo se completó una parte de una solicitud ReadProcessMemory o WriteProcessMemory. (0x12B)
[0421/125406.121:WARNING:pe_image_reader.cc(340)] could not read dos header from C:\WINDOWS\System32\profapi.dll
[0421/125406.121:ERROR:process_memory_win.cc(73)] ReadMemory at 0x7ffe29350000 of 64 bytes failed: Solo se completó una parte de una solicitud ReadProcessMemory o WriteProcessMemory. (0x12B)
[0421/125406.121:WARNING:pe_image_reader.cc(340)] could not read dos header from C:\WINDOWS\SYSTEM32\UIAutomationCore.DLL
[0421/125406.121:ERROR:process_memory_win.cc(73)] ReadMemory at 0x7ffe36ce0000 of 64 bytes failed: Solo se completó una parte de una solicitud ReadProcessMemory o WriteProcessMemory. (0x12B)
[0421/125406.121:WARNING:pe_image_reader.cc(340)] could not read dos header from C:\WINDOWS\SYSTEM32\DWrite.dll
[0421/125406.121:ERROR:process_memory_win.cc(73)] ReadMemory at 0x7ffe4c7d0000 of 64 bytes failed: Solo se completó una parte de una solicitud ReadProcessMemory o WriteProcessMemory. (0x12B)
[0421/125406.121:WARNING:pe_image_reader.cc(340)] could not read dos header from C:\WINDOWS\SYSTEM32\WINSPOOL.DRV
[0421/125406.121:ERROR:process_memory_win.cc(73)] ReadMemory at 0x7ffe5b510000 of 64 bytes failed: Solo se completó una parte de una solicitud ReadProcessMemory o WriteProcessMemory. (0x12B)
[0421/125406.121:WARNING:pe_image_reader.cc(340)] could not read dos header from C:\WINDOWS\System32\kernel.appcore.dll
[0421/125406.121:ERROR:process_memory_win.cc(73)] ReadMemory at 0x7ffe5c510000 of 64 bytes failed: Solo se completó una parte de una solicitud ReadProcessMemory o WriteProcessMemory. (0x12B)
[0421/125406.121:WARNING:pe_image_reader.cc(340)] could not read dos header from C:\WINDOWS\System32\bcrypt.dll
[0421/125406.121:ERROR:process_memory_win.cc(73)] ReadMemory at 0x7ffe428d0000 of 64 bytes failed: Solo se completó una parte de una solicitud ReadProcessMemory o WriteProcessMemory. (0x12B)
[0421/125406.121:WARNING:pe_image_reader.cc(340)] could not read dos header from C:\WINDOWS\SYSTEM32\dbghelp.dll
[0421/125406.121:ERROR:process_memory_win.cc(73)] ReadMemory at 0x7ffe50590000 of 64 bytes failed: Solo se completó una parte de una solicitud ReadProcessMemory o WriteProcessMemory. (0x12B)
[0421/125406.121:WARNING:pe_image_reader.cc(340)] could not read dos header from C:\WINDOWS\SYSTEM32\WINHTTP.dll
[0421/125406.121:ERROR:process_memory_win.cc(73)] ReadMemory at 0x7ffe52810000 of 64 bytes failed: Solo se completó una parte de una solicitud ReadProcessMemory o WriteProcessMemory. (0x12B)
[0421/125406.121:WARNING:pe_image_reader.cc(340)] could not read dos header from C:\WINDOWS\SYSTEM32\dhcpcsvc.DLL
[0421/125406.121:ERROR:process_memory_win.cc(73)] ReadMemory at 0x7ffe5da00000 of 64 bytes failed: Solo se completó una parte de una solicitud ReadProcessMemory o WriteProcessMemory. (0x12B)
[0421/125406.121:WARNING:pe_image_reader.cc(340)] could not read dos header from C:\WINDOWS\System32\NSI.dll
[0421/125406.121:ERROR:process_memory_win.cc(73)] ReadMemory at 0x7ffe59410000 of 64 bytes failed: Solo se completó una parte de una solicitud ReadProcessMemory o WriteProcessMemory. (0x12B)
[0421/125406.121:WARNING:pe_image_reader.cc(340)] could not read dos header from C:\WINDOWS\SYSTEM32\WINMMBASE.dll
[0421/125406.121:ERROR:process_memory_win.cc(73)] ReadMemory at 0x7ffe5bed0000 of 64 bytes failed: Solo se completó una parte de una solicitud ReadProcessMemory o WriteProcessMemory. (0x12B)
[0421/125406.121:WARNING:pe_image_reader.cc(340)] could not read dos header from C:\WINDOWS\System32\cfgmgr32.dll
[0421/125406.121:ERROR:process_memory_win.cc(73)] ReadMemory at 0x7ffe57e80000 of 64 bytes failed: Solo se completó una parte de una solicitud ReadProcessMemory o WriteProcessMemory. (0x12B)
[0421/125406.121:WARNING:pe_image_reader.cc(340)] could not read dos header from C:\WINDOWS\SYSTEM32\PROPSYS.dll
[0421/125406.121:ERROR:process_memory_win.cc(73)] ReadMemory at 0x7ffe5dc00000 of 64 bytes failed: Solo se completó una parte de una solicitud ReadProcessMemory o WriteProcessMemory. (0x12B)
[0421/125406.121:WARNING:pe_image_reader.cc(340)] could not read dos header from C:\WINDOWS\System32\shcore.dll
[0421/125406.121:ERROR:process_memory_win.cc(73)] ReadMemory at 0x7ffe5b3f0000 of 64 bytes failed: Solo se completó una parte de una solicitud ReadProcessMemory o WriteProcessMemory. (0x12B)
[0421/125406.121:WARNING:pe_image_reader.cc(340)] could not read dos header from C:\WINDOWS\SYSTEM32\SSPICLI.DLL
[0421/125406.121:ERROR:process_memory_win.cc(73)] ReadMemory at 0x7ffe5aea0000 of 64 bytes failed: Solo se completó una parte de una solicitud ReadProcessMemory o WriteProcessMemory. (0x12B)
[0421/125406.121:WARNING:pe_image_reader.cc(340)] could not read dos header from C:\WINDOWS\SYSTEM32\CRYPTBASE.DLL
[0421/125406.121:ERROR:process_memory_win.cc(73)] ReadMemory at 0x7ff603be0000 of 64 bytes failed: Solo se completó una parte de una solicitud ReadProcessMemory o WriteProcessMemory. (0x12B)
[0421/125406.121:WARNING:pe_image_reader.cc(340)] could not read dos header from C:\Program Files (x86)\Google\Chrome\Application\chrome.exe
[0421/125406.121:ERROR:process_memory_win.cc(73)] ReadMemory at 0x7ffe5e640000 of 64 bytes failed: Solo se completó una parte de una solicitud ReadProcessMemory o WriteProcessMemory. (0x12B)
[0421/125406.121:WARNING:pe_image_reader.cc(340)] could not read dos header from C:\WINDOWS\SYSTEM32\ntdll.dll
[0421/125406.121:ERROR:process_memory_win.cc(73)] ReadMemory at 0x7ffe5e310000 of 64 bytes failed: Solo se completó una parte de una solicitud ReadProcessMemory o WriteProcessMemory. (0x12B)
[0421/125406.121:WARNING:pe_image_reader.cc(340)] could not read dos header from C:\WINDOWS\System32\KERNEL32.DLL
[0421/125406.121:ERROR:process_memory_win.cc(73)] ReadMemory at 0x7ffe5c240000 of 64 bytes failed: Solo se completó una parte de una solicitud ReadProcessMemory o WriteProcessMemory. (0x12B)
[0421/125406.121:WARNING:pe_image_reader.cc(340)] could not read dos header from C:\WINDOWS\System32\KERNELBASE.dll
[0421/125406.121:ERROR:process_memory_win.cc(73)] ReadMemory at 0x7ffe2a8c0000 of 64 bytes failed: Solo se completó una parte de una solicitud ReadProcessMemory o WriteProcessMemory. (0x12B)
[0421/125406.121:WARNING:pe_image_reader.cc(340)] could not read dos header from C:\Program Files (x86)\Google\Chrome\Application\81.0.4044.113\chrome_elf.dll
[0421/125406.121:ERROR:process_memory_win.cc(73)] ReadMemory at 0x7ffe52800000 of 64 bytes failed: Solo se completó una parte de una solicitud ReadProcessMemory o WriteProcessMemory. (0x12B)
[0421/125406.121:WARNING:pe_image_reader.cc(340)] could not read dos header from C:\WINDOWS\SYSTEM32\VERSION.dll
[0421/125406.121:ERROR:process_memory_win.cc(73)] ReadMemory at 0x7ffe5d7a0000 of 64 bytes failed: Solo se completó una parte de una solicitud ReadProcessMemory o WriteProcessMemory. (0x12B)
[0421/125406.121:WARNING:pe_image_reader.cc(340)] could not read dos header from C:\WINDOWS\System32\msvcrt.dll
[0421/125406.121:ERROR:process_memory_win.cc(73)] ReadMemory at 0x7ffe5b6d0000 of 64 bytes failed: Solo se completó una parte de una solicitud ReadProcessMemory o WriteProcessMemory. (0x12B)
[0421/125406.121:WARNING:pe_image_reader.cc(340)] could not read dos header from C:\WINDOWS\System32\bcryptPrimitives.dll
[0421/125406.121:ERROR:process_memory_win.cc(73)] ReadMemory at 0x7ffe5e550000 of 64 bytes failed: Solo se completó una parte de una solicitud ReadProcessMemory o WriteProcessMemory. (0x12B)
[0421/125406.121:WARNING:pe_image_reader.cc(340)] could not read dos header from C:\WINDOWS\System32\ADVAPI32.dll
[0421/125406.121:ERROR:process_memory_win.cc(73)] ReadMemory at 0x7ffe5dcb0000 of 64 bytes failed: Solo se completó una parte de una solicitud ReadProcessMemory o WriteProcessMemory. (0x12B)
[0421/125406.121:WARNING:pe_image_reader.cc(340)] could not read dos header from C:\WINDOWS\System32\sechost.dll
[0421/125406.121:ERROR:process_memory_win.cc(73)] ReadMemory at 0x7ffe5cde0000 of 64 bytes failed: Solo se completó una parte de una solicitud ReadProcessMemory o WriteProcessMemory. (0x12B)
[0421/125406.121:WARNING:pe_image_reader.cc(340)] could not read dos header from C:\WINDOWS\System32\RPCRT4.dll
[0421/125406.121:ERROR:process_memory_win.cc(73)] ReadMemory at 0x7ffdf9510000 of 64 bytes failed: Solo se completó una parte de una solicitud ReadProcessMemory o WriteProcessMemory. (0x12B)
[0421/125406.121:WARNING:pe_image_reader.cc(340)] could not read dos header from C:\Program Files (x86)\Google\Chrome\Application\81.0.4044.113\chrome.dll
[0421/125406.121:ERROR:process_memory_win.cc(73)] ReadMemory at 0x7ffe5da10000 of 64 bytes failed: Solo se completó una parte de una solicitud ReadProcessMemory o WriteProcessMemory. (0x12B)
[0421/125406.121:WARNING:pe_image_reader.cc(340)] could not read dos header from C:\WINDOWS\System32\WS2_32.dll
[0421/125406.121:ERROR:process_memory_win.cc(73)] ReadMemory at 0x1c3c7f60000 of 64 bytes failed: Solo se completó una parte de una solicitud ReadProcessMemory o WriteProcessMemory. (0x12B)
[0421/125406.121:WARNING:pe_image_reader.cc(340)] could not read dos header from C:\WINDOWS\System32\OLEAUT32.dll
[0421/125406.121:ERROR:process_memory_win.cc(73)] ReadMemory at 0x7ffe5c650000 of 64 bytes failed: Solo se completó una parte de una solicitud ReadProcessMemory o WriteProcessMemory. (0x12B)
[0421/125406.121:WARNING:pe_image_reader.cc(340)] could not read dos header from C:\WINDOWS\System32\msvcp_win.dll
[0421/125406.121:ERROR:process_memory_win.cc(73)] ReadMemory at 0x7ffe5b5d0000 of 64 bytes failed: Solo se completó una parte de una solicitud ReadProcessMemory o WriteProcessMemory. (0x12B)
[0421/125406.121:WARNING:pe_image_reader.cc(340)] could not read dos header from C:\WINDOWS\System32\ucrtbase.dll
[0421/125406.121:ERROR:process_memory_win.cc(73)] ReadMemory at 0x7ffe5cf80000 of 64 bytes failed: Solo se completó una parte de una solicitud ReadProcessMemory o WriteProcessMemory. (0x12B)
[0421/125406.121:WARNING:pe_image_reader.cc(340)] could not read dos header from C:\WINDOWS\System32\combase.dll
[0421/125406.121:ERROR:process_memory_win.cc(73)] ReadMemory at 0x7ffe5c5f0000 of 64 bytes failed: Solo se completó una parte de una solicitud ReadProcessMemory o WriteProcessMemory. (0x12B)
[0421/125406.121:WARNING:pe_image_reader.cc(340)] could not read dos header from C:\WINDOWS\System32\WINTRUST.dll
[0421/125406.121:ERROR:process_memory_win.cc(73)] ReadMemory at 0x7ffe5b5b0000 of 64 bytes failed: Solo se completó una parte de una solicitud ReadProcessMemory o WriteProcessMemory. (0x12B)
[0421/125406.121:WARNING:pe_image_reader.cc(340)] could not read dos header from C:\WINDOWS\System32\MSASN1.dll
[0421/125406.121:ERROR:process_memory_win.cc(73)] ReadMemory at 0x7ffe5bf50000 of 64 bytes failed: Solo se completó una parte de una solicitud ReadProcessMemory o WriteProcessMemory. (0x12B)
[0421/125406.121:WARNING:pe_image_reader.cc(340)] could not read dos header from C:\WINDOWS\System32\CRYPT32.dll
[0421/125406.121:ERROR:process_memory_win.cc(73)] ReadMemory at 0x7ffe5aa40000 of 64 bytes failed: Solo se completó una parte de una solicitud ReadProcessMemory o WriteProcessMemory. (0x12B)
[0421/125406.121:WARNING:pe_image_reader.cc(340)] could not read dos header from C:\WINDOWS\SYSTEM32\IPHLPAPI.DLL
[0421/125406.121:ERROR:process_memory_win.cc(73)] ReadMemory at 0x7ffe59440000 of 64 bytes failed: Solo se completó una parte de una solicitud ReadProcessMemory o WriteProcessMemory. (0x12B)
[0421/125406.121:WARNING:pe_image_reader.cc(340)] could not read dos header from C:\WINDOWS\SYSTEM32\WINMM.dll
[0421/125406.121:ERROR:process_memory_win.cc(73)] ReadMemory at 0x7ffe492a0000 of 64 bytes failed: Solo se completó una parte de una solicitud ReadProcessMemory o WriteProcessMemory. (0x12B)
[0421/125406.121:WARNING:pe_image_reader.cc(340)] could not read dos header from C:\WINDOWS\SYSTEM32\Secur32.dll
[0421/125406.121:ERROR:process_memory_win.cc(73)] ReadMemory at 0x7ffe5b420000 of 64 bytes failed: Solo se completó una parte de una solicitud ReadProcessMemory o WriteProcessMemory. (0x12B)
[0421/125406.121:WARNING:pe_image_reader.cc(340)] could not read dos header from C:\WINDOWS\SYSTEM32\USERENV.dll
[0421/125406.121:ERROR:process_memory_win.cc(73)] ReadMemory at 0x7ffe5b530000 of 64 bytes failed: Solo se completó una parte de una solicitud ReadProcessMemory o WriteProcessMemory. (0x12B)
[0421/125406.121:WARNING:pe_image_reader.cc(340)] could not read dos header from C:\WINDOWS\System32\profapi.dll
[0421/125406.121:ERROR:process_memory_win.cc(73)] ReadMemory at 0x7ffe29350000 of 64 bytes failed: Solo se completó una parte de una solicitud ReadProcessMemory o WriteProcessMemory. (0x12B)
[0421/125406.121:WARNING:pe_image_reader.cc(340)] could not read dos header from C:\WINDOWS\SYSTEM32\UIAutomationCore.DLL
[0421/125406.121:ERROR:process_memory_win.cc(73)] ReadMemory at 0x7ffe36ce0000 of 64 bytes failed: Solo se completó una parte de una solicitud ReadProcessMemory o WriteProcessMemory. (0x12B)
[0421/125406.121:WARNING:pe_image_reader.cc(340)] could not read dos header from C:\WINDOWS\SYSTEM32\DWrite.dll
[0421/125406.121:ERROR:process_memory_win.cc(73)] ReadMemory at 0x7ffe4c7d0000 of 64 bytes failed: Solo se completó una parte de una solicitud ReadProcessMemory o WriteProcessMemory. (0x12B)
[0421/125406.121:WARNING:pe_image_reader.cc(340)] could not read dos header from C:\WINDOWS\SYSTEM32\WINSPOOL.DRV
[0421/125406.121:ERROR:process_memory_win.cc(73)] ReadMemory at 0x7ffe5b510000 of 64 bytes failed: Solo se completó una parte de una solicitud ReadProcessMemory o WriteProcessMemory. (0x12B)
[0421/125406.121:WARNING:pe_image_reader.cc(340)] could not read dos header from C:\WINDOWS\System32\kernel.appcore.dll
[0421/125406.121:ERROR:process_memory_win.cc(73)] ReadMemory at 0x7ffe5c510000 of 64 bytes failed: Solo se completó una parte de una solicitud ReadProcessMemory o WriteProcessMemory. (0x12B)
[0421/125406.121:WARNING:pe_image_reader.cc(340)] could not read dos header from C:\WINDOWS\System32\bcrypt.dll
[0421/125406.121:ERROR:process_memory_win.cc(73)] ReadMemory at 0x7ffe428d0000 of 64 bytes failed: Solo se completó una parte de una solicitud ReadProcessMemory o WriteProcessMemory. (0x12B)
[0421/125406.121:WARNING:pe_image_reader.cc(340)] could not read dos header from C:\WINDOWS\SYSTEM32\dbghelp.dll
[0421/125406.121:ERROR:process_memory_win.cc(73)] ReadMemory at 0x7ffe50590000 of 64 bytes failed: Solo se completó una parte de una solicitud ReadProcessMemory o WriteProcessMemory. (0x12B)
[0421/125406.121:WARNING:pe_image_reader.cc(340)] could not read dos header from C:\WINDOWS\SYSTEM32\WINHTTP.dll
[0421/125406.121:ERROR:process_memory_win.cc(73)] ReadMemory at 0x7ffe52810000 of 64 bytes failed: Solo se completó una parte de una solicitud ReadProcessMemory o WriteProcessMemory. (0x12B)
[0421/125406.121:WARNING:pe_image_reader.cc(340)] could not read dos header from C:\WINDOWS\SYSTEM32\dhcpcsvc.DLL
[0421/125406.121:ERROR:process_memory_win.cc(73)] ReadMemory at 0x7ffe5da00000 of 64 bytes failed: Solo se completó una parte de una solicitud ReadProcessMemory o WriteProcessMemory. (0x12B)
[0421/125406.121:WARNING:pe_image_reader.cc(340)] could not read dos header from C:\WINDOWS\System32\NSI.dll
[0421/125406.121:ERROR:process_memory_win.cc(73)] ReadMemory at 0x7ffe59410000 of 64 bytes failed: Solo se completó una parte de una solicitud ReadProcessMemory o WriteProcessMemory. (0x12B)
[0421/125406.121:WARNING:pe_image_reader.cc(340)] could not read dos header from C:\WINDOWS\SYSTEM32\WINMMBASE.dll
[0421/125406.121:ERROR:process_memory_win.cc(73)] ReadMemory at 0x7ffe5bed0000 of 64 bytes failed: Solo se completó una parte de una solicitud ReadProcessMemory o WriteProcessMemory. (0x12B)
[0421/125406.121:WARNING:pe_image_reader.cc(340)] could not read dos header from C:\WINDOWS\System32\cfgmgr32.dll
[0421/125406.121:ERROR:process_memory_win.cc(73)] ReadMemory at 0x7ffe57e80000 of 64 bytes failed: Solo se completó una parte de una solicitud ReadProcessMemory o WriteProcessMemory. (0x12B)
[0421/125406.121:WARNING:pe_image_reader.cc(340)] could not read dos header from C:\WINDOWS\SYSTEM32\PROPSYS.dll
[0421/125406.121:ERROR:process_memory_win.cc(73)] ReadMemory at 0x7ffe5dc00000 of 64 bytes failed: Solo se completó una parte de una solicitud ReadProcessMemory o WriteProcessMemory. (0x12B)
[0421/125406.121:WARNING:pe_image_reader.cc(340)] could not read dos header from C:\WINDOWS\System32\shcore.dll
[0421/125406.121:ERROR:process_memory_win.cc(73)] ReadMemory at 0x7ffe5b3f0000 of 64 bytes failed: Solo se completó una parte de una solicitud ReadProcessMemory o WriteProcessMemory. (0x12B)
[0421/125406.121:WARNING:pe_image_reader.cc(340)] could not read dos header from C:\WINDOWS\SYSTEM32\SSPICLI.DLL
[0421/125406.121:ERROR:process_memory_win.cc(73)] ReadMemory at 0x7ffe5aea0000 of 64 bytes failed: Solo se completó una parte de una solicitud ReadProcessMemory o WriteProcessMemory. (0x12B)
[0421/125406.121:WARNING:pe_image_reader.cc(340)] could not read dos header from C:\WINDOWS\SYSTEM32\CRYPTBASE.DLL
[0421/125406.137:ERROR:process_memory_win.cc(73)] ReadMemory at 0x2798fe3000 of 118784 bytes failed: Solo se completó una parte de una solicitud ReadProcessMemory o WriteProcessMemory. (0x12B)
[0421/125406.137:ERROR:process_memory_win.cc(73)] ReadMemory at 0x27997fd000 of 12288 bytes failed: Solo se completó una parte de una solicitud ReadProcessMemory o WriteProcessMemory. (0x12B)
[0421/125406.137:ERROR:process_memory_win.cc(73)] ReadMemory at 0x279a7fc000 of 16384 bytes failed: Solo se completó una parte de una solicitud ReadProcessMemory o WriteProcessMemory. (0x12B)
[0421/125406.137:ERROR:process_memory_win.cc(73)] ReadMemory at 0x279affc000 of 16384 bytes failed: Solo se completó una parte de una solicitud ReadProcessMemory o WriteProcessMemory. (0x12B)
[0421/125406.137:ERROR:process_memory_win.cc(73)] ReadMemory at 0x279b7fe000 of 8192 bytes failed: Solo se completó una parte de una solicitud ReadProcessMemory o WriteProcessMemory. (0x12B)
[0421/125406.137:ERROR:process_memory_win.cc(73)] ReadMemory at 0x279bffd000 of 12288 bytes failed: Solo se completó una parte de una solicitud ReadProcessMemory o WriteProcessMemory. (0x12B)
[0421/125406.137:ERROR:process_memory_win.cc(73)] ReadMemory at 0x279c7fb000 of 20480 bytes failed: Solo se completó una parte de una solicitud ReadProcessMemory o WriteProcessMemory. (0x12B)
[0421/125406.137:ERROR:process_memory_win.cc(73)] ReadMemory at 0x279d7fd000 of 12288 bytes failed: Solo se completó una parte de una solicitud ReadProcessMemory o WriteProcessMemory. (0x12B)
[0421/125406.137:ERROR:process_memory_win.cc(73)] ReadMemory at 0x279dff9000 of 28672 bytes failed: Solo se completó una parte de una solicitud ReadProcessMemory o WriteProcessMemory. (0x12B)
[0421/125406.137:ERROR:process_memory_win.cc(73)] ReadMemory at 0x279e7fa000 of 24576 bytes failed: Solo se completó una parte de una solicitud ReadProcessMemory o WriteProcessMemory. (0x12B)
[0421/125406.137:ERROR:process_memory_win.cc(73)] ReadMemory at 0x279effd000 of 12288 bytes failed: Solo se completó una parte de una solicitud ReadProcessMemory o WriteProcessMemory. (0x12B)
[0421/125406.137:ERROR:process_memory_win.cc(73)] ReadMemory at 0x279cffc000 of 16384 bytes failed: Solo se completó una parte de una solicitud ReadProcessMemory o WriteProcessMemory. (0x12B)
[0421/125406.137:ERROR:process_memory_win.cc(73)] ReadMemory at 0x2799ffd000 of 12288 bytes failed: Solo se completó una parte de una solicitud ReadProcessMemory o WriteProcessMemory. (0x12B)
[0421/125406.137:ERROR:process_memory_win.cc(73)] ReadMemory at 0x2798675000 of 852 bytes failed: Solo se completó una parte de una solicitud ReadProcessMemory o WriteProcessMemory. (0x12B)
[0421/125406.137:ERROR:process_memory_win.cc(73)] ReadMemory at 0x2798676000 of 6024 bytes failed: Solo se completó una parte de una solicitud ReadProcessMemory o WriteProcessMemory. (0x12B)
[0421/125406.137:ERROR:process_memory_win.cc(73)] ReadMemory at 0x2798678000 of 6024 bytes failed: Solo se completó una parte de una solicitud ReadProcessMemory o WriteProcessMemory. (0x12B)
[0421/125406.137:ERROR:process_memory_win.cc(73)] ReadMemory at 0x279867c000 of 6024 bytes failed: Solo se completó una parte de una solicitud ReadProcessMemory o WriteProcessMemory. (0x12B)
[0421/125406.137:ERROR:process_memory_win.cc(73)] ReadMemory at 0x279867e000 of 6024 bytes failed: Solo se completó una parte de una solicitud ReadProcessMemory o WriteProcessMemory. (0x12B)
[0421/125406.137:ERROR:process_memory_win.cc(73)] ReadMemory at 0x2798680000 of 6024 bytes failed: Solo se completó una parte de una solicitud ReadProcessMemory o WriteProcessMemory. (0x12B)
[0421/125406.137:ERROR:process_memory_win.cc(73)] ReadMemory at 0x2798682000 of 6024 bytes failed: Solo se completó una parte de una solicitud ReadProcessMemory o WriteProcessMemory. (0x12B)
[0421/125406.137:ERROR:process_memory_win.cc(73)] ReadMemory at 0x2798684000 of 6024 bytes failed: Solo se completó una parte de una solicitud ReadProcessMemory o WriteProcessMemory. (0x12B)
[0421/125406.137:ERROR:process_memory_win.cc(73)] ReadMemory at 0x2798688000 of 6024 bytes failed: Solo se completó una parte de una solicitud ReadProcessMemory o WriteProcessMemory. (0x12B)
[0421/125406.137:ERROR:process_memory_win.cc(73)] ReadMemory at 0x279868a000 of 6024 bytes failed: Solo se completó una parte de una solicitud ReadProcessMemory o WriteProcessMemory. (0x12B)
[0421/125406.137:ERROR:process_memory_win.cc(73)] ReadMemory at 0x279868c000 of 6024 bytes failed: Solo se completó una parte de una solicitud ReadProcessMemory o WriteProcessMemory. (0x12B)
[0421/125406.137:ERROR:process_memory_win.cc(73)] ReadMemory at 0x279868e000 of 6024 bytes failed: Solo se completó una parte de una solicitud ReadProcessMemory o WriteProcessMemory. (0x12B)
[0421/125406.137:ERROR:process_memory_win.cc(73)] ReadMemory at 0x2798694000 of 6024 bytes failed: Solo se completó una parte de una solicitud ReadProcessMemory o WriteProcessMemory. (0x12B)
[0421/125406.137:ERROR:process_memory_win.cc(73)] ReadMemory at 0x2798698000 of 6024 bytes failed: Solo se completó una parte de una solicitud ReadProcessMemory o WriteProcessMemory. (0x12B)
[0421/125406.137:ERROR:process_memory_win.cc(73)] ReadMemory at 0x1c3c7d80fe0 of 5786 bytes failed: Solo se completó una parte de una solicitud ReadProcessMemory o WriteProcessMemory. (0x12B)
[0421/125406.137:ERROR:process_memory_win.cc(73)] ReadMemory at 0x1c3c7d82690 of 1012 bytes failed: Solo se completó una parte de una solicitud ReadProcessMemory o WriteProcessMemory. (0x12B)
[0421/125406.137:ERROR:process_memory_win.cc(73)] ReadMemory at 0x1c3c7d82cd8 of 118 bytes failed: Solo se completó una parte de una solicitud ReadProcessMemory o WriteProcessMemory. (0x12B)
[0421/125406.137:ERROR:process_memory_win.cc(73)] ReadMemory at 0x1c3c7d82d50 of 810 bytes failed: Solo se completó una parte de una solicitud ReadProcessMemory o WriteProcessMemory. (0x12B)
[0421/125406.137:ERROR:process_memory_win.cc(73)] ReadMemory at 0x1c3c7d8307c of 118 bytes failed: Solo se completó una parte de una solicitud ReadProcessMemory o WriteProcessMemory. (0x12B)
[0421/125406.137:ERROR:process_memory_win.cc(73)] ReadMemory at 0x1c3c7d830f4 of 98 bytes failed: Solo se completó una parte de una solicitud ReadProcessMemory o WriteProcessMemory. (0x12B)
[0421/125406.137:ERROR:process_memory_win.cc(73)] ReadMemory at 0x1c3c7d83170 of 58 bytes failed: Solo se completó una parte de una solicitud ReadProcessMemory o WriteProcessMemory. (0x12B)
[0421/125406.137:ERROR:process_memory_win.cc(73)] ReadMemory at 0x1c3c7d83270 of 132 bytes failed: Solo se completó una parte de una solicitud ReadProcessMemory o WriteProcessMemory. (0x12B)
[0421/125406.137:ERROR:process_memory_win.cc(73)] ReadMemory at 0x1c3c7d83400 of 132 bytes failed: Solo se completó una parte de una solicitud ReadProcessMemory o WriteProcessMemory. (0x12B)
[0421/125406.137:ERROR:process_memory_win.cc(73)] ReadMemory at 0x1c3c7d835c0 of 126 bytes failed: Solo se completó una parte de una solicitud ReadProcessMemory o WriteProcessMemory. (0x12B)
[0421/125406.137:ERROR:process_memory_win.cc(73)] ReadMemory at 0x1c3c7d839a0 of 132 bytes failed: Solo se completó una parte de una solicitud ReadProcessMemory o WriteProcessMemory. (0x12B)
[0421/125406.137:ERROR:process_memory_win.cc(73)] ReadMemory at 0x1c3c7d83b30 of 64 bytes failed: Solo se completó una parte de una solicitud ReadProcessMemory o WriteProcessMemory. (0x12B)
[0421/125406.137:ERROR:process_memory_win.cc(73)] ReadMemory at 0x1c3c7d83b80 of 132 bytes failed: Solo se completó una parte de una solicitud ReadProcessMemory o WriteProcessMemory. (0x12B)
[0421/125406.137:ERROR:process_memory_win.cc(73)] ReadMemory at 0x1c3c7d83cf0 of 132 bytes failed: Solo se completó una parte de una solicitud ReadProcessMemory o WriteProcessMemory. (0x12B)
[0421/125406.137:ERROR:process_memory_win.cc(73)] ReadMemory at 0x1c3c7d83f90 of 132 bytes failed: Solo se completó una parte de una solicitud ReadProcessMemory o WriteProcessMemory. (0x12B)
[0421/125406.137:ERROR:process_memory_win.cc(73)] ReadMemory at 0x1c3c7d84120 of 68 bytes failed: Solo se completó una parte de una solicitud ReadProcessMemory o WriteProcessMemory. (0x12B)
[0421/125406.137:ERROR:process_memory_win.cc(73)] ReadMemory at 0x1c3c7d85120 of 146 bytes failed: Solo se completó una parte de una solicitud ReadProcessMemory o WriteProcessMemory. (0x12B)
[0421/125406.137:ERROR:process_memory_win.cc(73)] ReadMemory at 0x1c3c7d85200 of 132 bytes failed: Solo se completó una parte de una solicitud ReadProcessMemory o WriteProcessMemory. (0x12B)
[0421/125406.137:ERROR:process_memory_win.cc(73)] ReadMemory at 0x1c3c7d85390 of 154 bytes failed: Solo se completó una parte de una solicitud ReadProcessMemory o WriteProcessMemory. (0x12B)
[0421/125406.137:ERROR:process_memory_win.cc(73)] ReadMemory at 0x1c3c7d86220 of 62 bytes failed: Solo se completó una parte de una solicitud ReadProcessMemory o WriteProcessMemory. (0x12B)
[0421/125406.137:ERROR:process_memory_win.cc(73)] ReadMemory at 0x1c3c7d86270 of 132 bytes failed: Solo se completó una parte de una solicitud ReadProcessMemory o WriteProcessMemory. (0x12B)
[0421/125406.137:ERROR:process_memory_win.cc(73)] ReadMemory at 0x1c3c7d86410 of 132 bytes failed: Solo se completó una parte de una solicitud ReadProcessMemory o WriteProcessMemory. (0x12B)
[0421/125406.137:ERROR:process_memory_win.cc(73)] ReadMemory at 0x1c3c7d86540 of 60 bytes failed: Solo se completó una parte de una solicitud ReadProcessMemory o WriteProcessMemory. (0x12B)
[0421/125406.137:ERROR:process_memory_win.cc(73)] ReadMemory at 0x1c3c7d8755c of 512 bytes failed: Solo se completó una parte de una solicitud ReadProcessMemory o WriteProcessMemory. (0x12B)
[0421/125406.137:ERROR:process_memory_win.cc(73)] ReadMemory at 0x1c3c7d8afa0 of 132 bytes failed: Solo se completó una parte de una solicitud ReadProcessMemory o WriteProcessMemory. (0x12B)
[0421/125406.137:ERROR:process_memory_win.cc(73)] ReadMemory at 0x1c3c7d8b1c0 of 132 bytes failed: Solo se completó una parte de una solicitud ReadProcessMemory o WriteProcessMemory. (0x12B)
[0421/125406.137:ERROR:process_memory_win.cc(73)] ReadMemory at 0x1c3c7d8b520 of 132 bytes failed: Solo se completó una parte de una solicitud ReadProcessMemory o WriteProcessMemory. (0x12B)
[0421/125406.137:ERROR:process_memory_win.cc(73)] ReadMemory at 0x1c3c7d8b730 of 132 bytes failed: Solo se completó una parte de una solicitud ReadProcessMemory o WriteProcessMemory. (0x12B)
[0421/125406.137:ERROR:process_memory_win.cc(73)] ReadMemory at 0x1c3c7d8b860 of 132 bytes failed: Solo se completó una parte de una solicitud ReadProcessMemory o WriteProcessMemory. (0x12B)
[0421/125406.137:ERROR:process_memory_win.cc(73)] ReadMemory at 0x1c3c7d8b9f0 of 80 bytes failed: Solo se completó una parte de una solicitud ReadProcessMemory o WriteProcessMemory. (0x12B)
[0421/125406.137:ERROR:process_memory_win.cc(73)] ReadMemory at 0x1c3c7d8bb10 of 64 bytes failed: Solo se completó una parte de una solicitud ReadProcessMemory o WriteProcessMemory. (0x12B)
[0421/125406.137:ERROR:process_memory_win.cc(73)] ReadMemory at 0x1c3c7d8bb60 of 62 bytes failed: Solo se completó una parte de una solicitud ReadProcessMemory o WriteProcessMemory. (0x12B)
[0421/125406.137:ERROR:process_memory_win.cc(73)] ReadMemory at 0x1c3c7d8bbb0 of 66 bytes failed: Solo se completó una parte de una solicitud ReadProcessMemory o WriteProcessMemory. (0x12B)
[0421/125406.137:ERROR:process_memory_win.cc(73)] ReadMemory at 0x1c3c7d8bc50 of 62 bytes failed: Solo se completó una parte de una solicitud ReadProcessMemory o WriteProcessMemory. (0x12B)
[0421/125406.137:ERROR:process_memory_win.cc(73)] ReadMemory at 0x1c3c7d8bca0 of 60 bytes failed: Solo se completó una parte de una solicitud ReadProcessMemory o WriteProcessMemory. (0x12B)
[0421/125406.137:ERROR:process_memory_win.cc(73)] ReadMemory at 0x1c3c7d8bd90 of 60 bytes failed: Solo se completó una parte de una solicitud ReadProcessMemory o WriteProcessMemory. (0x12B)
[0421/125406.137:ERROR:process_memory_win.cc(73)] ReadMemory at 0x1c3c7d8bde0 of 64 bytes failed: Solo se completó una parte de una solicitud ReadProcessMemory o WriteProcessMemory. (0x12B)
[0421/125406.137:ERROR:process_memory_win.cc(73)] ReadMemory at 0x1c3c7d8bf70 of 64 bytes failed: Solo se completó una parte de una solicitud ReadProcessMemory o WriteProcessMemory. (0x12B)
[0421/125406.137:ERROR:process_memory_win.cc(73)] ReadMemory at 0x1c3c7d8c010 of 64 bytes failed: Solo se completó una parte de una solicitud ReadProcessMemory o WriteProcessMemory. (0x12B)
[0421/125406.137:ERROR:process_memory_win.cc(73)] ReadMemory at 0x1c3c7d8c320 of 132 bytes failed: Solo se completó una parte de una solicitud ReadProcessMemory o WriteProcessMemory. (0x12B)
[0421/125406.137:ERROR:process_memory_win.cc(73)] ReadMemory at 0x1c3c7d8c450 of 132 bytes failed: Solo se completó una parte de una solicitud ReadProcessMemory o WriteProcessMemory. (0x12B)
[0421/125406.137:ERROR:process_memory_win.cc(73)] ReadMemory at 0x1c3c7d8c580 of 132 bytes failed: Solo se completó una parte de una solicitud ReadProcessMemory o WriteProcessMemory. (0x12B)
[0421/125406.137:ERROR:process_memory_win.cc(73)] ReadMemory at 0x1c3c7d8c6b0 of 132 bytes failed: Solo se completó una parte de una solicitud ReadProcessMemory o WriteProcessMemory. (0x12B)
[0421/125406.137:ERROR:process_memory_win.cc(73)] ReadMemory at 0x1c3c7d8c7e0 of 132 bytes failed: Solo se completó una parte de una solicitud ReadProcessMemory o WriteProcessMemory. (0x12B)
[0421/125406.137:ERROR:process_memory_win.cc(73)] ReadMemory at 0x1c3c7d8c910 of 132 bytes failed: Solo se completó una parte de una solicitud ReadProcessMemory o WriteProcessMemory. (0x12B)
[0421/125406.137:ERROR:process_memory_win.cc(73)] ReadMemory at 0x1c3c7d8ca40 of 132 bytes failed: Solo se completó una parte de una solicitud ReadProcessMemory o WriteProcessMemory. (0x12B)
[0421/125406.137:ERROR:process_memory_win.cc(73)] ReadMemory at 0x1c3c7d8cb70 of 132 bytes failed: Solo se completó una parte de una solicitud ReadProcessMemory o WriteProcessMemory. (0x12B)
[0421/125406.137:ERROR:process_memory_win.cc(73)] ReadMemory at 0x1c3c7d8cca0 of 132 bytes failed: Solo se completó una parte de una solicitud ReadProcessMemory o WriteProcessMemory. (0x12B)
[0421/125406.137:ERROR:process_memory_win.cc(73)] ReadMemory at 0x1c3c7d8cdd0 of 132 bytes failed: Solo se completó una parte de una solicitud ReadProcessMemory o WriteProcessMemory. (0x12B)
[0421/125406.137:ERROR:process_memory_win.cc(73)] ReadMemory at 0x1c3c7d8d030 of 132 bytes failed: Solo se completó una parte de una solicitud ReadProcessMemory o WriteProcessMemory. (0x12B)
[0421/125406.137:ERROR:process_memory_win.cc(73)] ReadMemory at 0x1c3c7d8d160 of 132 bytes failed: Solo se completó una parte de una solicitud ReadProcessMemory o WriteProcessMemory. (0x12B)
[0421/125406.137:ERROR:process_memory_win.cc(73)] ReadMemory at 0x1c3c7d8d870 of 80 bytes failed: Solo se completó una parte de una solicitud ReadProcessMemory o WriteProcessMemory. (0x12B)
[0421/125406.137:ERROR:process_memory_win.cc(73)] ReadMemory at 0x1c3c7d8e170 of 76 bytes failed: Solo se completó una parte de una solicitud ReadProcessMemory o WriteProcessMemory. (0x12B)
[0421/125406.137:ERROR:process_memory_win.cc(73)] ReadMemory at 0x1c3c7d8fe80 of 132 bytes failed: Solo se completó una parte de una solicitud ReadProcessMemory o WriteProcessMemory. (0x12B)
[0421/125406.137:ERROR:process_memory_win.cc(73)] ReadMemory at 0x1c3c7d8ffb0 of 132 bytes failed: Solo se completó una parte de una solicitud ReadProcessMemory o WriteProcessMemory. (0x12B)
[0421/125406.137:ERROR:process_memory_win.cc(73)] ReadMemory at 0x1c3c7d90c80 of 132 bytes failed: Solo se completó una parte de una solicitud ReadProcessMemory o WriteProcessMemory. (0x12B)
[0421/125406.137:ERROR:process_memory_win.cc(73)] ReadMemory at 0x1c3c7d918b0 of 54 bytes failed: Solo se completó una parte de una solicitud ReadProcessMemory o WriteProcessMemory. (0x12B)
[0421/125406.137:ERROR:process_memory_win.cc(73)] ReadMemory at 0x1c3c7d95b80 of 62 bytes failed: Solo se completó una parte de una solicitud ReadProcessMemory o WriteProcessMemory. (0x12B)
[0421/125406.137:ERROR:process_memory_win.cc(73)] ReadMemory at 0x1c3c7d95d60 of 64 bytes failed: Solo se completó una parte de una solicitud ReadProcessMemory o WriteProcessMemory. (0x12B)
[0421/125406.137:ERROR:process_memory_win.cc(73)] ReadMemory at 0x1c3c7d95e50 of 60 bytes failed: Solo se completó una parte de una solicitud ReadProcessMemory o WriteProcessMemory. (0x12B)
[0421/125406.137:ERROR:process_memory_win.cc(73)] ReadMemory at 0x1c3c7d95ea0 of 64 bytes failed: Solo se completó una parte de una solicitud ReadProcessMemory o WriteProcessMemory. (0x12B)
[0421/125406.137:ERROR:process_memory_win.cc(73)] ReadMemory at 0x1c3c7d95ef0 of 62 bytes failed: Solo se completó una parte de una solicitud ReadProcessMemory o WriteProcessMemory. (0x12B)
[0421/125406.137:ERROR:process_memory_win.cc(73)] ReadMemory at 0x1c3c7d95fe0 of 66 bytes failed: Solo se completó una parte de una solicitud ReadProcessMemory o WriteProcessMemory. (0x12B)
[0421/125406.137:ERROR:process_memory_win.cc(73)] ReadMemory at 0x1c3c7d96030 of 64 bytes failed: Solo se completó una parte de una solicitud ReadProcessMemory o WriteProcessMemory. (0x12B)
[0421/125406.137:ERROR:process_memory_win.cc(73)] ReadMemory at 0x1c3c7d96120 of 62 bytes failed: Solo se completó una parte de una solicitud ReadProcessMemory o WriteProcessMemory. (0x12B)
[0421/125406.137:ERROR:process_memory_win.cc(73)] ReadMemory at 0x1c3c7d96170 of 58 bytes failed: Solo se completó una parte de una solicitud ReadProcessMemory o WriteProcessMemory. (0x12B)
[0421/125406.137:ERROR:process_memory_win.cc(73)] ReadMemory at 0x1c3c7d961c0 of 60 bytes failed: Solo se completó una parte de una solicitud ReadProcessMemory o WriteProcessMemory. (0x12B)
[0421/125406.137:ERROR:process_memory_win.cc(73)] ReadMemory at 0x1c3c7d96210 of 62 bytes failed: Solo se completó una parte de una solicitud ReadProcessMemory o WriteProcessMemory. (0x12B)
[0421/125406.137:ERROR:process_memory_win.cc(73)] ReadMemory at 0x1c3c7d96350 of 60 bytes failed: Solo se completó una parte de una solicitud ReadProcessMemory o WriteProcessMemory. (0x12B)
[0421/125406.137:ERROR:process_memory_win.cc(73)] ReadMemory at 0x1c3c7d963a0 of 60 bytes failed: Solo se completó una parte de una solicitud ReadProcessMemory o WriteProcessMemory. (0x12B)
[0421/125406.137:ERROR:process_memory_win.cc(73)] ReadMemory at 0x1c3c7d96620 of 62 bytes failed: Solo se completó una parte de una solicitud ReadProcessMemory o WriteProcessMemory. (0x12B)
[0421/125406.137:ERROR:process_memory_win.cc(73)] ReadMemory at 0x1c3c7d96670 of 62 bytes failed: Solo se completó una parte de una solicitud ReadProcessMemory o WriteProcessMemory. (0x12B)
[0421/125406.137:ERROR:process_memory_win.cc(73)] ReadMemory at 0x1c3c7d966c0 of 62 bytes failed: Solo se completó una parte de una solicitud ReadProcessMemory o WriteProcessMemory. (0x12B)
[0421/125406.137:ERROR:process_memory_win.cc(73)] ReadMemory at 0x1c3c7d96760 of 62 bytes failed: Solo se completó una parte de una solicitud ReadProcessMemory o WriteProcessMemory. (0x12B)
[0421/125406.137:ERROR:process_memory_win.cc(73)] ReadMemory at 0x1c3c7d968f0 of 64 bytes failed: Solo se completó una parte de una solicitud ReadProcessMemory o WriteProcessMemory. (0x12B)
[0421/125406.137:ERROR:process_memory_win.cc(73)] ReadMemory at 0x1c3c7d97410 of 132 bytes failed: Solo se completó una parte de una solicitud ReadProcessMemory o WriteProcessMemory. (0x12B)
[0421/125406.137:ERROR:process_memory_win.cc(73)] ReadMemory at 0x1c3c7d977a0 of 132 bytes failed: Solo se completó una parte de una solicitud ReadProcessMemory o WriteProcessMemory. (0x12B)
[0421/125406.137:ERROR:process_memory_win.cc(73)] ReadMemory at 0x1c3c7d978d0 of 132 bytes failed: Solo se completó una parte de una solicitud ReadProcessMemory o WriteProcessMemory. (0x12B)
[0421/125406.137:ERROR:process_memory_win.cc(73)] ReadMemory at 0x1c3c7d97a00 of 132 bytes failed: Solo se completó una parte de una solicitud ReadProcessMemory o WriteProcessMemory. (0x12B)
[0421/125406.137:ERROR:process_memory_win.cc(73)] ReadMemory at 0x1c3c7d98250 of 132 bytes failed: Solo se completó una parte de una solicitud ReadProcessMemory o WriteProcessMemory. (0x12B)
[0421/125406.137:ERROR:process_memory_win.cc(73)] ReadMemory at 0x1c3c7d98380 of 132 bytes failed: Solo se completó una parte de una solicitud ReadProcessMemory o WriteProcessMemory. (0x12B)
[0421/125406.137:ERROR:process_memory_win.cc(73)] ReadMemory at 0x1c3c7d985e0 of 132 bytes failed: Solo se completó una parte de una solicitud ReadProcessMemory o WriteProcessMemory. (0x12B)
[0421/125406.137:ERROR:process_memory_win.cc(73)] ReadMemory at 0x1c3c7d98d00 of 132 bytes failed: Solo se completó una parte de una solicitud ReadProcessMemory o WriteProcessMemory. (0x12B)
[0421/125406.137:ERROR:process_memory_win.cc(73)] ReadMemory at 0x1c3c7d98e30 of 132 bytes failed: Solo se completó una parte de una solicitud ReadProcessMemory o WriteProcessMemory. (0x12B)
[0421/125406.152:ERROR:process_memory_win.cc(73)] ReadMemory at 0x1c3c7d98f60 of 132 bytes failed: Solo se completó una parte de una solicitud ReadProcessMemory o WriteProcessMemory. (0x12B)
[0421/125406.152:ERROR:process_memory_win.cc(73)] ReadMemory at 0x1c3c7dadc20 of 512 bytes failed: Solo se completó una parte de una solicitud ReadProcessMemory o WriteProcessMemory. (0x12B)
[0421/125406.152:ERROR:process_memory_win.cc(73)] ReadMemory at 0x1c3c7daea50 of 512 bytes failed: Solo se completó una parte de una solicitud ReadProcessMemory o WriteProcessMemory. (0x12B)
[0421/125406.152:ERROR:process_memory_win.cc(73)] ReadMemory at 0x1c3c8061600 of 512 bytes failed: Solo se completó una parte de una solicitud ReadProcessMemory o WriteProcessMemory. (0x12B)
[0421/125406.152:ERROR:process_memory_win.cc(73)] ReadMemory at 0x1c3c8062440 of 512 bytes failed: Solo se completó una parte de una solicitud ReadProcessMemory o WriteProcessMemory. (0x12B)
[0421/125406.152:ERROR:process_memory_win.cc(73)] ReadMemory at 0x1c3c84a29c0 of 512 bytes failed: Solo se completó una parte de una solicitud ReadProcessMemory o WriteProcessMemory. (0x12B)
[0421/125406.152:ERROR:process_memory_win.cc(73)] ReadMemory at 0x1c3c84a4ea0 of 512 bytes failed: Solo se completó una parte de una solicitud ReadProcessMemory o WriteProcessMemory. (0x12B)
[0421/125406.152:ERROR:process_memory_win.cc(73)] ReadMemory at 0x1c3c84be430 of 512 bytes failed: Solo se completó una parte de una solicitud ReadProcessMemory o WriteProcessMemory. (0x12B)
[0421/125406.152:ERROR:process_memory_win.cc(73)] ReadMemory at 0x1c3c84c8f40 of 712 bytes failed: Solo se completó una parte de una solicitud ReadProcessMemory o WriteProcessMemory. (0x12B)
[0421/125406.152:ERROR:process_memory_win.cc(73)] ReadMemory at 0x1c3c9c15970 of 512 bytes failed: Solo se completó una parte de una solicitud ReadProcessMemory o WriteProcessMemory. (0x12B)
[0421/125406.152:ERROR:process_memory_win.cc(73)] ReadMemory at 0x1c3c9c28b10 of 520 bytes failed: Solo se completó una parte de una solicitud ReadProcessMemory o WriteProcessMemory. (0x12B)
[0421/125406.152:ERROR:process_memory_win.cc(73)] ReadMemory at 0x1c3c9c3f220 of 512 bytes failed: Solo se completó una parte de una solicitud ReadProcessMemory o WriteProcessMemory. (0x12B)
[0421/125406.152:ERROR:process_memory_win.cc(73)] ReadMemory at 0x1c3ca127040 of 512 bytes failed: Solo se completó una parte de una solicitud ReadProcessMemory o WriteProcessMemory. (0x12B)
[0421/125406.152:ERROR:process_memory_win.cc(73)] ReadMemory at 0x1c3ca293ef0 of 512 bytes failed: Solo se completó una parte de una solicitud ReadProcessMemory o WriteProcessMemory. (0x12B)
[0421/125406.152:ERROR:process_memory_win.cc(73)] ReadMemory at 0x1c3ca2a34b8 of 512 bytes failed: Solo se completó una parte de una solicitud ReadProcessMemory o WriteProcessMemory. (0x12B)
[0421/125406.152:ERROR:process_memory_win.cc(73)] ReadMemory at 0x1c3ca2ca5f0 of 512 bytes failed: Solo se completó una parte de una solicitud ReadProcessMemory o WriteProcessMemory. (0x12B)
[0421/125406.152:ERROR:process_memory_win.cc(73)] ReadMemory at 0x1c3ca7ab430 of 512 bytes failed: Solo se completó una parte de una solicitud ReadProcessMemory o WriteProcessMemory. (0x12B)
[0421/125406.152:ERROR:process_memory_win.cc(73)] ReadMemory at 0x1c3ca906a70 of 512 bytes failed: Solo se completó una parte de una solicitud ReadProcessMemory o WriteProcessMemory. (0x12B)
[0421/125406.152:ERROR:process_memory_win.cc(73)] ReadMemory at 0x1c3ca9d7d10 of 520 bytes failed: Solo se completó una parte de una solicitud ReadProcessMemory o WriteProcessMemory. (0x12B)
[0421/125406.152:ERROR:process_memory_win.cc(73)] ReadMemory at 0x1c3cff2a0b8 of 512 bytes failed: Solo se completó una parte de una solicitud ReadProcessMemory o WriteProcessMemory. (0x12B)
[0421/125406.152:ERROR:process_memory_win.cc(73)] ReadMemory at 0x1c3cff658b8 of 512 bytes failed: Solo se completó una parte de una solicitud ReadProcessMemory o WriteProcessMemory. (0x12B)
[0421/125406.152:ERROR:process_memory_win.cc(73)] ReadMemory at 0x5959bd9d8380 of 512 bytes failed: Solo se completó una parte de una solicitud ReadProcessMemory o WriteProcessMemory. (0x12B)
[0421/125406.152:ERROR:process_memory_win.cc(73)] ReadMemory at 0x5959bda7ff80 of 128 bytes failed: Solo se completó una parte de una solicitud ReadProcessMemory o WriteProcessMemory. (0x12B)
[0421/125406.152:ERROR:process_memory_win.cc(73)] ReadMemory at 0x7ffdf95ae940 of 512 bytes failed: Solo se completó una parte de una solicitud ReadProcessMemory o WriteProcessMemory. (0x12B)
[0421/125406.152:ERROR:process_memory_win.cc(73)] ReadMemory at 0x7ffdfa3c2ee8 of 512 bytes failed: Solo se completó una parte de una solicitud ReadProcessMemory o WriteProcessMemory. (0x12B)
[0421/125406.152:ERROR:process_memory_win.cc(73)] ReadMemory at 0x7ffe00a81c88 of 512 bytes failed: Solo se completó una parte de una solicitud ReadProcessMemory o WriteProcessMemory. (0x12B)
[0421/125406.152:ERROR:process_memory_win.cc(73)] ReadMemory at 0x7ffe5c27a719 of 512 bytes failed: Solo se completó una parte de una solicitud ReadProcessMemory o WriteProcessMemory. (0x12B)
[0421/125406.152:ERROR:process_memory_win.cc(73)] ReadMemory at 0x7ffe5c4ab6e0 of 512 bytes failed: Solo se completó una parte de una solicitud ReadProcessMemory o WriteProcessMemory. (0x12B)
[0421/125406.152:ERROR:process_memory_win.cc(73)] ReadMemory at 0x7ffe5e6dc074 of 672 bytes failed: Solo se completó una parte de una solicitud ReadProcessMemory o WriteProcessMemory. (0x12B)
[0421/125406.152:ERROR:process_memory_win.cc(73)] ReadMemory at 0x7ffe5e6dc674 of 512 bytes failed: Solo se completó una parte de una solicitud ReadProcessMemory o WriteProcessMemory. (0x12B)
[0421/125406.152:ERROR:process_memory_win.cc(73)] ReadMemory at 0x7ffe5e6df924 of 608 bytes failed: Solo se completó una parte de una solicitud ReadProcessMemory o WriteProcessMemory. (0x12B)
[0421/125406.152:ERROR:process_memory_win.cc(73)] ReadMemory at 0x7ffe5e76c428 of 18 bytes failed: Solo se completó una parte de una solicitud ReadProcessMemory o WriteProcessMemory. (0x12B)
[0421/125406.152:ERROR:process_memory_win.cc(73)] ReadMemory at 0x7ffe5e79f4f8 of 40 bytes failed: Solo se completó una parte de una solicitud ReadProcessMemory o WriteProcessMemory. (0x12B)
[0421/125406.152:ERROR:process_memory_win.cc(73)] ReadMemory at 0x7ffe5e79f978 of 48 bytes failed: Solo se completó una parte de una solicitud ReadProcessMemory o WriteProcessMemory. (0x12B)
[0421/125406.152:ERROR:process_memory_win.cc(73)] ReadMemory at 0x7ffe5e7a53c0 of 64 bytes failed: Solo se completó una parte de una solicitud ReadProcessMemory o WriteProcessMemory. (0x12B)
[0421/125406.152:ERROR:scoped_process_suspend.cc(40)] NtResumeProcess: Se intentó obtener acceso a un proceso que está cerrándose. (0xc000010a)
